Determining if the pthread_create exist failed with the following output:
Change Dir: /home/piternet/mimuw/pw-zad2/adorators-files/tests-4/pn371273/build/CMakeFiles/CMakeTmp

Run Build Command:/usr/bin/make "cmTryCompileExec1441166464/fast"
/usr/bin/make -f CMakeFiles/cmTryCompileExec1441166464.dir/build.make CMakeFiles/cmTryCompileExec1441166464.dir/build
make[1]: Wejście do katalogu `/home/piternet/mimuw/pw-zad2/adorators-files/tests-4/pn371273/build/CMakeFiles/CMakeTmp'
/usr/bin/cmake -E cmake_progress_report /home/piternet/mimuw/pw-zad2/adorators-files/tests-4/pn371273/build/CMakeFiles/CMakeTmp/CMakeFiles 1
Building C object CMakeFiles/cmTryCompileExec1441166464.dir/CheckSymbolExists.c.o
/usr/bin/cc    -o CMakeFiles/cmTryCompileExec1441166464.dir/CheckSymbolExists.c.o   -c /home/piternet/mimuw/pw-zad2/adorators-files/tests-4/pn371273/build/CMakeFiles/CMakeTmp/CheckSymbolExists.c
Linking C executable cmTryCompileExec1441166464
/usr/bin/cmake -E cmake_link_script CMakeFiles/cmTryCompileExec1441166464.dir/link.txt --verbose=1
/usr/bin/cc       CMakeFiles/cmTryCompileExec1441166464.dir/CheckSymbolExists.c.o  -o cmTryCompileExec1441166464 -rdynamic 
CMakeFiles/cmTryCompileExec1441166464.dir/CheckSymbolExists.c.o: In function `main':
CheckSymbolExists.c:(.text+0xa): undefined reference to `pthread_create'
collect2: error: ld returned 1 exit status
make[1]: *** [cmTryCompileExec1441166464] Błąd 1
make[1]: Opuszczenie katalogu `/home/piternet/mimuw/pw-zad2/adorators-files/tests-4/pn371273/build/CMakeFiles/CMakeTmp'
make: *** [cmTryCompileExec1441166464/fast] Błąd 2

File /home/piternet/mimuw/pw-zad2/adorators-files/tests-4/pn371273/build/CMakeFiles/CMakeTmp/CheckSymbolExists.c:
/* */
#include <pthread.h>

int main(int argc, char** argv)
{
  (void)argv;
#ifndef pthread_create
  return ((int*)(&pthread_create))[argc];
#else
  (void)argc;
  return 0;
#endif
}

Determining if the function pthread_create exists in the pthreads failed with the following output:
Change Dir: /home/piternet/mimuw/pw-zad2/adorators-files/tests-4/pn371273/build/CMakeFiles/CMakeTmp

Run Build Command:/usr/bin/make "cmTryCompileExec3580571146/fast"
/usr/bin/make -f CMakeFiles/cmTryCompileExec3580571146.dir/build.make CMakeFiles/cmTryCompileExec3580571146.dir/build
make[1]: Wejście do katalogu `/home/piternet/mimuw/pw-zad2/adorators-files/tests-4/pn371273/build/CMakeFiles/CMakeTmp'
/usr/bin/cmake -E cmake_progress_report /home/piternet/mimuw/pw-zad2/adorators-files/tests-4/pn371273/build/CMakeFiles/CMakeTmp/CMakeFiles 1
Building C object CMakeFiles/cmTryCompileExec3580571146.dir/CheckFunctionExists.c.o
/usr/bin/cc   -DCHECK_FUNCTION_EXISTS=pthread_create   -o CMakeFiles/cmTryCompileExec3580571146.dir/CheckFunctionExists.c.o   -c /usr/share/cmake-2.8/Modules/CheckFunctionExists.c
Linking C executable cmTryCompileExec3580571146
/usr/bin/cmake -E cmake_link_script CMakeFiles/cmTryCompileExec3580571146.dir/link.txt --verbose=1
/usr/bin/cc   -DCHECK_FUNCTION_EXISTS=pthread_create    CMakeFiles/cmTryCompileExec3580571146.dir/CheckFunctionExists.c.o  -o cmTryCompileExec3580571146 -rdynamic -lpthreads 
/usr/bin/ld: cannot find -lpthreads
collect2: error: ld returned 1 exit status
make[1]: Opuszczenie katalogu `/home/piternet/mimuw/pw-zad2/adorators-files/tests-4/pn371273/build/CMakeFiles/CMakeTmp'
make[1]: *** [cmTryCompileExec3580571146] Błąd 1
make: *** [cmTryCompileExec3580571146/fast] Błąd 2


