Determining if the pthread_create exist failed with the following output:
Change Dir: /home/piternet/mimuw/pw-zad2/adorators-files/pn371273/build/CMakeFiles/CMakeTmp

Run Build Command:/usr/bin/make "cmTryCompileExec4067718752/fast"
/usr/bin/make -f CMakeFiles/cmTryCompileExec4067718752.dir/build.make CMakeFiles/cmTryCompileExec4067718752.dir/build
make[1]: Wejście do katalogu `/home/piternet/mimuw/pw-zad2/adorators-files/pn371273/build/CMakeFiles/CMakeTmp'
/usr/bin/cmake -E cmake_progress_report /home/piternet/mimuw/pw-zad2/adorators-files/pn371273/build/CMakeFiles/CMakeTmp/CMakeFiles 1
Building C object CMakeFiles/cmTryCompileExec4067718752.dir/CheckSymbolExists.c.o
/usr/bin/cc    -o CMakeFiles/cmTryCompileExec4067718752.dir/CheckSymbolExists.c.o   -c /home/piternet/mimuw/pw-zad2/adorators-files/pn371273/build/CMakeFiles/CMakeTmp/CheckSymbolExists.c
Linking C executable cmTryCompileExec4067718752
/usr/bin/cmake -E cmake_link_script CMakeFiles/cmTryCompileExec4067718752.dir/link.txt --verbose=1
/usr/bin/cc       CMakeFiles/cmTryCompileExec4067718752.dir/CheckSymbolExists.c.o  -o cmTryCompileExec4067718752 -rdynamic 
CMakeFiles/cmTryCompileExec4067718752.dir/CheckSymbolExists.c.o: In function `main':
CheckSymbolExists.c:(.text+0xa): undefined reference to `pthread_create'
collect2: error: ld returned 1 exit status
make[1]: *** [cmTryCompileExec4067718752] Błąd 1
make[1]: Opuszczenie katalogu `/home/piternet/mimuw/pw-zad2/adorators-files/pn371273/build/CMakeFiles/CMakeTmp'
make: *** [cmTryCompileExec4067718752/fast] Błąd 2

File /home/piternet/mimuw/pw-zad2/adorators-files/pn371273/build/CMakeFiles/CMakeTmp/CheckSymbolExists.c:
/* */
#include <pthread.h>

int main(int argc, char** argv)
{
  (void)argv;
#ifndef pthread_create
  return ((int*)(&pthread_create))[argc];
#else
  (void)argc;
  return 0;
#endif
}

Determining if the function pthread_create exists in the pthreads failed with the following output:
Change Dir: /home/piternet/mimuw/pw-zad2/adorators-files/pn371273/build/CMakeFiles/CMakeTmp

Run Build Command:/usr/bin/make "cmTryCompileExec3610586266/fast"
/usr/bin/make -f CMakeFiles/cmTryCompileExec3610586266.dir/build.make CMakeFiles/cmTryCompileExec3610586266.dir/build
make[1]: Wejście do katalogu `/home/piternet/mimuw/pw-zad2/adorators-files/pn371273/build/CMakeFiles/CMakeTmp'
/usr/bin/cmake -E cmake_progress_report /home/piternet/mimuw/pw-zad2/adorators-files/pn371273/build/CMakeFiles/CMakeTmp/CMakeFiles 1
Building C object CMakeFiles/cmTryCompileExec3610586266.dir/CheckFunctionExists.c.o
/usr/bin/cc   -DCHECK_FUNCTION_EXISTS=pthread_create   -o CMakeFiles/cmTryCompileExec3610586266.dir/CheckFunctionExists.c.o   -c /usr/share/cmake-2.8/Modules/CheckFunctionExists.c
Linking C executable cmTryCompileExec3610586266
/usr/bin/cmake -E cmake_link_script CMakeFiles/cmTryCompileExec3610586266.dir/link.txt --verbose=1
/usr/bin/cc   -DCHECK_FUNCTION_EXISTS=pthread_create    CMakeFiles/cmTryCompileExec3610586266.dir/CheckFunctionExists.c.o  -o cmTryCompileExec3610586266 -rdynamic -lpthreads 
/usr/bin/ld: cannot find -lpthreads
collect2: error: ld returned 1 exit status
make[1]: *** [cmTryCompileExec3610586266] Błąd 1
make[1]: Opuszczenie katalogu `/home/piternet/mimuw/pw-zad2/adorators-files/pn371273/build/CMakeFiles/CMakeTmp'
make: *** [cmTryCompileExec3610586266/fast] Błąd 2


